#
# A fatal error has been detected by the Java Runtime Environment:
#
#  EXCEPTION_ACCESS_VIOLATION (0xc0000005) at pc=0x00007ffcb96329f6, pid=8120, tid=8144
#
# JRE version: OpenJDK Runtime Environment Temurin-21.0.7+6 (21.0.7+6) (build 21.0.7+6-LTS)
# Java VM: OpenJDK 64-Bit Server VM Temurin-21.0.7+6 (21.0.7+6-LTS, mixed mode, sharing, tiered, compressed oops, compressed class ptrs, g1 gc, windows-amd64)
# Problematic frame:
# V  [jvm.dll+0x1e29f6]
#
# No core dump will be written. Minidumps are not enabled by default on client versions of Windows
#
# If you would like to submit a bug report, please visit:
#   https://github.com/adoptium/adoptium-support/issues
#

---------------  S U M M A R Y ------------

Command Line: -Dfile.encoding=UTF-8 -Dstdout.encoding=UTF-8 -Dstderr.encoding=UTF-8 -XX:+ShowCodeDetailsInExceptionMessages todolist.app.App

Host: AMD Ryzen 5 3500U with Radeon Vega Mobile Gfx  , 8 cores, 5G,  Windows 10 , 64 bit Build 19041 (10.0.19041.546)
Time: Tue May 13 22:10:40 2025 Eastern Daylight Time elapsed time: 48.933253 seconds (0d 0h 0m 48s)

---------------  T H R E A D  ---------------

Current thread (0x00000263134cfae0):  JavaThread "C2 CompilerThread0" daemon [_thread_in_native, id=8144, stack(0x0000007f28000000,0x0000007f28100000) (1024K)]


Current CompileTask:
C2:48933 2844       4       java.net.URLStreamHandler::parseURL (1124 bytes)

Stack: [0x0000007f28000000,0x0000007f28100000],  sp=0x0000007f280fc7f0,  free space=1009k
Native frames: (J=compiled Java code, j=interpreted, Vv=VM code, C=native code)
V  [jvm.dll+0x1e29f6]
V  [jvm.dll+0x3b6aeb]
V  [jvm.dll+0x3b5bf5]
V  [jvm.dll+0x1dfe68]
V  [jvm.dll+0x247c42]
V  [jvm.dll+0x2470cf]
V  [jvm.dll+0x1c760e]
V  [jvm.dll+0x25695a]
V  [jvm.dll+0x254efa]
V  [jvm.dll+0x3f03f6]
V  [jvm.dll+0x851f6b]
V  [jvm.dll+0x6cc7dd]
C  [ucrtbase.dll+0x214c2]
C  [KERNEL32.DLL+0x17034]
C  [ntdll.dll+0x4cec1]


siginfo: EXCEPTION_ACCESS_VIOLATION (0xc0000005), reading address 0xffffffffffffffff


Registers:
RAX=0x000102635ac298d0, RBX=0x000002635ac298c0, RCX=0x0000000000000003, RDX=0x0000000000000382
RSP=0x0000007f280fc7f0, RBP=0x0000007f280fcb90, RSI=0x0000000000000678, RDI=0x0000000000000382
R8 =0x0000000000000382, R9 =0x0000000000000000, R10=0xffffffffffffffff, R11=0x000000000000000a
R12=0x0000026359064e8c, R13=0x0000000000000029, R14=0x0000007f280fcf30, R15=0x0000000000000000
RIP=0x00007ffcb96329f6, EFLAGS=0x0000000000010217

XMM[0]=0x0000000000000000 0x3f4c16a460e076d4
XMM[1]=0x0000000000000000 0x3f246d8ed2179c3c
XMM[2]=0x0000000000000000 0x0000000000000000
XMM[3]=0x0000000000000000 0x0000000000000000
XMM[4]=0x0000000000000000 0x0000000000000000
XMM[5]=0x0000000000000000 0x0000000000000000
XMM[6]=0x0000000000000000 0x3f61dfdcf7d4a8b4
XMM[7]=0x0000000000000000 0x0000000000000000
XMM[8]=0x0000000000000000 0x0000000000000000
XMM[9]=0x0000000000000000 0x0000000000000000
XMM[10]=0x0000000000000000 0x0000000000000000
XMM[11]=0x0000000000000000 0x0000000000000000
XMM[12]=0x0000000000000000 0x0000000000000000
XMM[13]=0x0000000000000000 0x0000000000000000
XMM[14]=0x0000000000000000 0x0000000000000000
XMM[15]=0x0000000000000000 0x0000000000000000
  MXCSR=0x00001fa0


Register to memory mapping:

RAX=0x000102635ac298d0 is an unknown value
RBX=0x000002635ac298c0 points into unknown readable memory: 0x0000000000000000 | 00 00 00 00 00 00 00 00
RCX=0x0000000000000003 is an unknown value
RDX=0x0000000000000382 is an unknown value
RSP=0x0000007f280fc7f0 is pointing into the stack for thread: 0x00000263134cfae0
RBP=0x0000007f280fcb90 is pointing into the stack for thread: 0x00000263134cfae0
RSI=0x0000000000000678 is an unknown value
RDI=0x0000000000000382 is an unknown value
R8 =0x0000000000000382 is an unknown value
R9 =0x0 is null
R10=0xffffffffffffffff is an unknown value
R11=0x000000000000000a is an unknown value
R12=0x0000026359064e8c points into unknown readable memory: 12 00 00 00
R13=0x0000000000000029 is an unknown value
R14=0x0000007f280fcf30 is pointing into the stack for thread: 0x00000263134cfae0
R15=0x0 is null

Top of Stack: (sp=0x0000007f280fc7f0)
0x0000007f280fc7f0:   000002635ac29960 0000000a00000000
0x0000007f280fc800:   0000000000300000 0000000000000000
0x0000007f280fc810:   000002635b6dcdf0 00007ffcb9806aeb
0x0000007f280fc820:   000002635b6fd710 0000007f280fcb90
0x0000007f280fc830:   0000000000000678 0000000000000000
0x0000007f280fc840:   0000000000000000 0000000300000382
0x0000007f280fc850:   0000000d00000004 000002635b69d360
0x0000007f280fc860:   0000007f280fc980 0000007f280fc970
0x0000007f280fc870:   0000026359064e60 000002635b6fd710
0x0000007f280fc880:   0000000000000001 00007ffcb9805bf5
0x0000007f280fc890:   0000026359064e8c 0000007f280fc990
0x0000007f280fc8a0:   0000007f280fcf30 0000000000087ff0
0x0000007f280fc8b0:   0000007f280fc8e0 0000000000000006
0x0000007f280fc8c0:   0000001c00000027 000002635b37f040
0x0000007f280fc8d0:   0000000000000028 000002635b37f020
0x0000007f280fc8e0:   0000002700000000 0000000e00000020
0x0000007f280fc8f0:   00007ffc00000000 0000002900000001
0x0000007f280fc900:   0000000d0000000c 00007ffc00000000
0x0000007f280fc910:   00000001000000c2 0000026300000678
0x0000007f280fc920:   000000000000001d 0000000000000000
0x0000007f280fc930:   0000000200000c62 0000000d0000000d
0x0000007f280fc940:   000002635b69d320 0000007f280fc980
0x0000007f280fc950:   0000007f280fc970 000002635b37f08c
0x0000007f280fc960:   000002635b37f094 000000000000023a
0x0000007f280fc970:   0000000d0000001e 0000007f280fc980
0x0000007f280fc980:   000002635b69d380 000002635b69d300
0x0000007f280fc990:   00007ffcba0e63b0 000002635b69d360
0x0000007f280fc9a0:   00007ffcba0e63b0 00007ffcba0e63b0
0x0000007f280fc9b0:   000002635b69d340 00007ffcba0e63b0
0x0000007f280fc9c0:   00007ffcba0e63b0 00007ffcba0e63b0
0x0000007f280fc9d0:   00007ffcba0e63b0 00007ffcba0e63b0
0x0000007f280fc9e0:   000002635b69d320 00007ffcb9b6ba6e 

Instructions: (pc=0x00007ffcb96329f6)
0x00007ffcb96328f6:   48 83 bb 88 00 00 00 00 7d 07 b8 ff ff 0f 00 eb
0x00007ffcb9632906:   09 48 8d 4b 38 e8 40 8c 53 00 0f b7 8b 9c 00 00
0x00007ffcb9632916:   00 3b c1 89 83 98 00 00 00 79 11 81 8b a8 00 00
0x00007ffcb9632926:   00 00 01 00 00 c7 43 30 2f 75 00 00 ff c7 c7 43
0x00007ffcb9632936:   34 00 00 00 00 3b be e0 00 00 00 0f 82 7b ff ff
0x00007ffcb9632946:   ff 0f 28 74 24 40 48 83 c4 58 41 5f 41 5e 41 5d
0x00007ffcb9632956:   41 5c 5f 5e 5d 5b c3 ba f8 03 00 00 48 8d 0d 9f
0x00007ffcb9632966:   c6 81 00 e8 22 ce 09 00 cc 90 20 25 1e 00 5d 29
0x00007ffcb9632976:   1e 00 20 25 1e 00 20 25 1e 00 ad 24 1e 00 20 25
0x00007ffcb9632986:   1e 00 ed 24 1e 00 ed 24 1e 00 61 25 1e 00 20 25
0x00007ffcb9632996:   1e 00 40 25 1e 00 61 25 1e 00 7f 25 1e 00 9d 25
0x00007ffcb96329a6:   1e 00 40 25 1e 00 20 25 1e 00 48 8b 41 58 48 8d
0x00007ffcb96329b6:   0d 69 77 a5 00 48 63 40 10 48 c1 e0 05 8b 04 08
0x00007ffcb96329c6:   c3 cc cc cc cc cc cc cc cc cc 40 53 48 83 ec 20
0x00007ffcb96329d6:   48 8b d9 85 d2 75 08 32 c0 48 83 c4 20 5b c3 48
0x00007ffcb96329e6:   8b 43 08 8b ca 48 c1 e9 08 48 89 7c 24 30 8b fa
0x00007ffcb96329f6:   4c 8b 04 c8 48 8d 05 af 39 ab 00 4c 3b c0 75 0b
0x00007ffcb9632a06:   48 8b cb e8 72 8f 1d 00 4c 8b c0 40 0f b6 cf ba
0x00007ffcb9632a16:   01 00 00 00 48 c1 ef 06 80 e1 3f 83 e7 03 48 d3
0x00007ffcb9632a26:   e2 49 8b 0c f8 48 8b c1 48 0b c2 49 89 04 f8 48
0x00007ffcb9632a36:   8b 7c 24 30 48 23 ca 75 02 ff 03 48 85 c9 0f 94
0x00007ffcb9632a46:   c0 48 83 c4 20 5b c3 cc cc cc 44 8b d2 41 3b d0
0x00007ffcb9632a56:   7c 49 41 8d 80 c0 02 00 00 3b d0 7d 3e 44 8b ca
0x00007ffcb9632a66:   45 2b c8 41 8b c1 83 e0 3f 0f b6 d0 41 8b c1 48
0x00007ffcb9632a76:   c1 e8 06 48 8b 44 c1 38 48 0f a3 d0 73 1d 0f b7
0x00007ffcb9632a86:   81 9c 00 00 00 83 f8 01 74 0e 8d 48 ff 8b c1 41
0x00007ffcb9632a96:   23 c2 3b c1 0f 94 c0 c3 b0 01 c3 32 c0 c3 cc cc
0x00007ffcb9632aa6:   cc cc cc cc cc cc cc cc cc cc 40 55 41 55 41 57
0x00007ffcb9632ab6:   48 83 ec 30 48 8b 41 48 33 ed 45 33 ff 4c 8b e9
0x00007ffcb9632ac6:   39 68 40 0f 86 c9 00 00 00 48 89 5c 24 50 48 89
0x00007ffcb9632ad6:   74 24 58 48 89 7c 24 60 4c 89 64 24 28 4c 89 74
0x00007ffcb9632ae6:   24 20 0f 1f 84 00 00 00 00 00 48 8b 40 30 33 f6 


Stack slot to memory mapping:

stack at sp + 0 slots: 0x000002635ac29960 points into unknown readable memory: 0x000000070000001a | 1a 00 00 00 07 00 00 00
stack at sp + 1 slots: 0x0000000a00000000 is an unknown value
stack at sp + 2 slots: 0x0000000000300000 is an unknown value
stack at sp + 3 slots: 0x0 is null
stack at sp + 4 slots: 0x000002635b6dcdf0 points into unknown readable memory: 0x3ff039c72f67bb54 | 54 bb 67 2f c7 39 f0 3f
stack at sp + 5 slots: 0x00007ffcb9806aeb jvm.dll
stack at sp + 6 slots: 0x000002635b6fd710 points into unknown readable memory: 0x3f146d8ed2179c3c | 3c 9c 17 d2 8e 6d 14 3f
stack at sp + 7 slots: 0x0000007f280fcb90 is pointing into the stack for thread: 0x00000263134cfae0


---------------  P R O C E S S  ---------------

Threads class SMR info:
_java_thread_list=0x000002635a2ab120, length=15, elements={
0x0000026379cdfc00, 0x00000263134b1d90, 0x00000263134b2940, 0x00000263134b6510,
0x00000263134b6f60, 0x00000263134c29e0, 0x00000263134c36b0, 0x00000263134cfae0,
0x00000263134d0790, 0x000002631361b9b0, 0x000002631361d5f0, 0x0000026359a1a6c0,
0x0000026359bd5e70, 0x000002635b757020, 0x0000026359423600
}

Java Threads: ( => current thread )
  0x0000026379cdfc00 JavaThread "main"                              [_thread_in_vm, id=560, stack(0x0000007f27200000,0x0000007f27300000) (1024K)]
  0x00000263134b1d90 JavaThread "Reference Handler"          daemon [_thread_blocked, id=4716, stack(0x0000007f27a00000,0x0000007f27b00000) (1024K)]
  0x00000263134b2940 JavaThread "Finalizer"                  daemon [_thread_blocked, id=4712, stack(0x0000007f27b00000,0x0000007f27c00000) (1024K)]
  0x00000263134b6510 JavaThread "Signal Dispatcher"          daemon [_thread_blocked, id=132, stack(0x0000007f27c00000,0x0000007f27d00000) (1024K)]
  0x00000263134b6f60 JavaThread "Attach Listener"            daemon [_thread_blocked, id=8152, stack(0x0000007f27d00000,0x0000007f27e00000) (1024K)]
  0x00000263134c29e0 JavaThread "Service Thread"             daemon [_thread_blocked, id=8156, stack(0x0000007f27e00000,0x0000007f27f00000) (1024K)]
  0x00000263134c36b0 JavaThread "Monitor Deflation Thread"   daemon [_thread_blocked, id=8148, stack(0x0000007f27f00000,0x0000007f28000000) (1024K)]
=>0x00000263134cfae0 JavaThread "C2 CompilerThread0"         daemon [_thread_in_native, id=8144, stack(0x0000007f28000000,0x0000007f28100000) (1024K)]
  0x00000263134d0790 JavaThread "C1 CompilerThread0"         daemon [_thread_blocked, id=4772, stack(0x0000007f28100000,0x0000007f28200000) (1024K)]
  0x000002631361b9b0 JavaThread "Notification Thread"        daemon [_thread_blocked, id=7196, stack(0x0000007f28200000,0x0000007f28300000) (1024K)]
  0x000002631361d5f0 JavaThread "Common-Cleaner"             daemon [_thread_blocked, id=7188, stack(0x0000007f28300000,0x0000007f28400000) (1024K)]
  0x0000026359a1a6c0 JavaThread "mysql-cj-abandoned-connection-cleanup" daemon [_thread_blocked, id=7804, stack(0x0000007f28c00000,0x0000007f28d00000) (1024K)]
  0x0000026359bd5e70 JavaThread "Hibernate Connection Pool Validation Thread" daemon [_thread_blocked, id=7748, stack(0x0000007f28d00000,0x0000007f28e00000) (1024K)]
  0x000002635b757020 JavaThread "C2 CompilerThread1"         daemon [_thread_in_native, id=4668, stack(0x0000007f29000000,0x0000007f29100000) (1024K)]
  0x0000026359423600 JavaThread "C2 CompilerThread2"         daemon [_thread_in_native, id=5768, stack(0x0000007f29100000,0x0000007f29200000) (1024K)]
Total: 15

Other Threads:
  0x0000026313495f90 VMThread "VM Thread"                           [id=2676, stack(0x0000007f27900000,0x0000007f27a00000) (1024K)]
  0x0000026313486610 WatcherThread "VM Periodic Task Thread"        [id=2604, stack(0x0000007f27800000,0x0000007f27900000) (1024K)]
  0x000002637bfa1ac0 WorkerThread "GC Thread#0"                     [id=3160, stack(0x0000007f27300000,0x0000007f27400000) (1024K)]
  0x00000263599e02b0 WorkerThread "GC Thread#1"                     [id=7824, stack(0x0000007f28500000,0x0000007f28600000) (1024K)]
  0x00000263598ad1d0 WorkerThread "GC Thread#2"                     [id=7828, stack(0x0000007f28600000,0x0000007f28700000) (1024K)]
  0x0000026359445520 WorkerThread "GC Thread#3"                     [id=7796, stack(0x0000007f28700000,0x0000007f28800000) (1024K)]
  0x00000263591f9c90 WorkerThread "GC Thread#4"                     [id=7768, stack(0x0000007f28800000,0x0000007f28900000) (1024K)]
  0x000002635990b420 WorkerThread "GC Thread#5"                     [id=7764, stack(0x0000007f28900000,0x0000007f28a00000) (1024K)]
  0x000002635990bfd0 WorkerThread "GC Thread#6"                     [id=7760, stack(0x0000007f28a00000,0x0000007f28b00000) (1024K)]
  0x000002635990cb80 WorkerThread "GC Thread#7"                     [id=7800, stack(0x0000007f28b00000,0x0000007f28c00000) (1024K)]
  0x000002637bfaf940 ConcurrentGCThread "G1 Main Marker"            [id=2648, stack(0x0000007f27400000,0x0000007f27500000) (1024K)]
  0x000002637bfb0340 WorkerThread "G1 Conc#0"                       [id=2608, stack(0x0000007f27500000,0x0000007f27600000) (1024K)]
  0x0000026359d6a5d0 WorkerThread "G1 Conc#1"                       [id=7744, stack(0x0000007f28e00000,0x0000007f28f00000) (1024K)]
  0x00000263133610a0 ConcurrentGCThread "G1 Refine#0"               [id=4316, stack(0x0000007f27600000,0x0000007f27700000) (1024K)]
  0x0000026313361b10 ConcurrentGCThread "G1 Service"                [id=2616, stack(0x0000007f27700000,0x0000007f27800000) (1024K)]
Total: 15

Threads with active compile tasks:
C2 CompilerThread0  48965 2844       4       java.net.URLStreamHandler::parseURL (1124 bytes)
C2 CompilerThread1  48965 2939       4       org.antlr.v4.runtime.atn.ParserATNSimulator::closure_ (343 bytes)
C2 CompilerThread2  48965 2995       4       org.antlr.v4.runtime.atn.ParserATNSimulator::closureCheckingStopState (370 bytes)
Total: 3

VM state: not at safepoint (normal execution)

VM Mutex/Monitor currently owned by a thread: None

Heap address: 0x00000000a0e00000, size: 1522 MB, Compressed Oops mode: 32-bit

CDS archive(s) mapped at: [0x0000026314000000-0x0000026314c80000-0x0000026314c80000), size 13107200, SharedBaseAddress: 0x0000026314000000, ArchiveRelocationMode: 1.
Compressed class space mapped at: 0x0000026315000000-0x0000026355000000, reserved size: 1073741824
Narrow klass base: 0x0000026314000000, Narrow klass shift: 0, Narrow klass range: 0x100000000

GC Precious Log:
 CardTable entry size: 512
 Card Set container configuration: InlinePtr #cards 5 size 8 Array Of Cards #cards 12 size 40 Howl #buckets 4 coarsen threshold 1843 Howl Bitmap #cards 512 size 80 coarsen threshold 460 Card regions per heap region 1 cards per card region 2048
 CPUs: 8 total, 8 available
 Memory: 6081M
 Large Page Support: Disabled
 NUMA Support: Disabled
 Compressed Oops: Enabled (32-bit)
 Heap Region Size: 1M
 Heap Min Capacity: 8M
 Heap Initial Capacity: 96M
 Heap Max Capacity: 1522M
 Pre-touch: Disabled
 Parallel Workers: 8
 Concurrent Workers: 2
 Concurrent Refinement Workers: 8
 Periodic GC: Disabled

Heap:
 garbage-first heap   total 41984K, used 14061K [0x00000000a0e00000, 0x0000000100000000)
  region size 1024K, 5 young (5120K), 3 survivors (3072K)
 Metaspace       used 39603K, committed 40000K, reserved 1114112K
  class space    used 5425K, committed 5568K, reserved 1048576K

Heap Regions: E=young(eden), S=young(survivor), O=old, HS=humongous(starts), HC=humongous(continues), CS=collection set, F=free, TAMS=top-at-mark-start, PB=parsable bottom
|   0|0x00000000a0e00000, 0x00000000a0f00000, 0x00000000a0f00000|100%|HS|  |TAMS 0x00000000a0e00000| PB 0x00000000a0e00000| Complete 
|   1|0x00000000a0f00000, 0x00000000a1000000, 0x00000000a1000000|100%| O|  |TAMS 0x00000000a0f00000| PB 0x00000000a0f00000| Untracked 
|   2|0x00000000a1000000, 0x00000000a1100000, 0x00000000a1100000|100%| O|  |TAMS 0x00000000a1000000| PB 0x00000000a1000000| Untracked 
|   3|0x00000000a1100000, 0x00000000a1200000, 0x00000000a1200000|100%| O|  |TAMS 0x00000000a1100000| PB 0x00000000a1100000| Untracked 
|   4|0x00000000a1200000, 0x00000000a1300000, 0x00000000a1300000|100%| O|  |TAMS 0x00000000a1200000| PB 0x00000000a1200000| Untracked 
|   5|0x00000000a1300000, 0x00000000a13bb620, 0x00000000a1400000| 73%| O|  |TAMS 0x00000000a1300000| PB 0x00000000a1300000| Untracked 
|   6|0x00000000a1400000, 0x00000000a1500000, 0x00000000a1500000|100%| O|  |TAMS 0x00000000a1400000| PB 0x00000000a1400000| Untracked 
|   7|0x00000000a1500000, 0x00000000a1600000, 0x00000000a1600000|100%| O|  |TAMS 0x00000000a1500000| PB 0x00000000a1500000| Untracked 
|   8|0x00000000a1600000, 0x00000000a1700000, 0x00000000a1700000|100%| O|Cm|TAMS 0x00000000a1600000| PB 0x00000000a1600000| Complete 
|   9|0x00000000a1700000, 0x00000000a1800000, 0x00000000a1800000|100%| O|  |TAMS 0x00000000a1700000| PB 0x00000000a1700000| Untracked 
|  10|0x00000000a1800000, 0x00000000a1800000, 0x00000000a1900000|  0%| F|  |TAMS 0x00000000a1800000| PB 0x00000000a1800000| Untracked 
|  11|0x00000000a1900000, 0x00000000a1900000, 0x00000000a1a00000|  0%| F|  |TAMS 0x00000000a1900000| PB 0x00000000a1900000| Untracked 
|  12|0x00000000a1a00000, 0x00000000a1b00000, 0x00000000a1b00000|100%| S|CS|TAMS 0x00000000a1a00000| PB 0x00000000a1a00000| Complete 
|  13|0x00000000a1b00000, 0x00000000a1c00000, 0x00000000a1c00000|100%| S|CS|TAMS 0x00000000a1b00000| PB 0x00000000a1b00000| Complete 
|  14|0x00000000a1c00000, 0x00000000a1d00000, 0x00000000a1d00000|100%| S|CS|TAMS 0x00000000a1c00000| PB 0x00000000a1c00000| Complete 
|  15|0x00000000a1d00000, 0x00000000a1d00000, 0x00000000a1e00000|  0%| F|  |TAMS 0x00000000a1d00000| PB 0x00000000a1d00000| Untracked 
|  16|0x00000000a1e00000, 0x00000000a1e00000, 0x00000000a1f00000|  0%| F|  |TAMS 0x00000000a1e00000| PB 0x00000000a1e00000| Untracked 
|  17|0x00000000a1f00000, 0x00000000a1f00000, 0x00000000a2000000|  0%| F|  |TAMS 0x00000000a1f00000| PB 0x00000000a1f00000| Untracked 
|  18|0x00000000a2000000, 0x00000000a2000000, 0x00000000a2100000|  0%| F|  |TAMS 0x00000000a2000000| PB 0x00000000a2000000| Untracked 
|  19|0x00000000a2100000, 0x00000000a2100000, 0x00000000a2200000|  0%| F|  |TAMS 0x00000000a2100000| PB 0x00000000a2100000| Untracked 
|  20|0x00000000a2200000, 0x00000000a2200000, 0x00000000a2300000|  0%| F|  |TAMS 0x00000000a2200000| PB 0x00000000a2200000| Untracked 
|  21|0x00000000a2300000, 0x00000000a2300000, 0x00000000a2400000|  0%| F|  |TAMS 0x00000000a2300000| PB 0x00000000a2300000| Untracked 
|  22|0x00000000a2400000, 0x00000000a2400000, 0x00000000a2500000|  0%| F|  |TAMS 0x00000000a2400000| PB 0x00000000a2400000| Untracked 
|  23|0x00000000a2500000, 0x00000000a2500000, 0x00000000a2600000|  0%| F|  |TAMS 0x00000000a2500000| PB 0x00000000a2500000| Untracked 
|  24|0x00000000a2600000, 0x00000000a2600000, 0x00000000a2700000|  0%| F|  |TAMS 0x00000000a2600000| PB 0x00000000a2600000| Untracked 
|  25|0x00000000a2700000, 0x00000000a2700000, 0x00000000a2800000|  0%| F|  |TAMS 0x00000000a2700000| PB 0x00000000a2700000| Untracked 
|  26|0x00000000a2800000, 0x00000000a2800000, 0x00000000a2900000|  0%| F|  |TAMS 0x00000000a2800000| PB 0x00000000a2800000| Untracked 
|  27|0x00000000a2900000, 0x00000000a2900000, 0x00000000a2a00000|  0%| F|  |TAMS 0x00000000a2900000| PB 0x00000000a2900000| Untracked 
|  28|0x00000000a2a00000, 0x00000000a2a00000, 0x00000000a2b00000|  0%| F|  |TAMS 0x00000000a2a00000| PB 0x00000000a2a00000| Untracked 
|  29|0x00000000a2b00000, 0x00000000a2b00000, 0x00000000a2c00000|  0%| F|  |TAMS 0x00000000a2b00000| PB 0x00000000a2b00000| Untracked 
|  30|0x00000000a2c00000, 0x00000000a2c00000, 0x00000000a2d00000|  0%| F|  |TAMS 0x00000000a2c00000| PB 0x00000000a2c00000| Untracked 
|  31|0x00000000a2d00000, 0x00000000a2d00000, 0x00000000a2e00000|  0%| F|  |TAMS 0x00000000a2d00000| PB 0x00000000a2d00000| Untracked 
|  32|0x00000000a2e00000, 0x00000000a2e00000, 0x00000000a2f00000|  0%| F|  |TAMS 0x00000000a2e00000| PB 0x00000000a2e00000| Untracked 
|  33|0x00000000a2f00000, 0x00000000a2f00000, 0x00000000a3000000|  0%| F|  |TAMS 0x00000000a2f00000| PB 0x00000000a2f00000| Untracked 
|  34|0x00000000a3000000, 0x00000000a3000000, 0x00000000a3100000|  0%| F|  |TAMS 0x00000000a3000000| PB 0x00000000a3000000| Untracked 
|  35|0x00000000a3100000, 0x00000000a3100000, 0x00000000a3200000|  0%| F|  |TAMS 0x00000000a3100000| PB 0x00000000a3100000| Untracked 
|  87|0x00000000a6500000, 0x00000000a6500000, 0x00000000a6600000|  0%| F|  |TAMS 0x00000000a6500000| PB 0x00000000a6500000| Untracked 
|  88|0x00000000a6600000, 0x00000000a6600000, 0x00000000a6700000|  0%| F|  |TAMS 0x00000000a6600000| PB 0x00000000a6600000| Untracked 
|  89|0x00000000a6700000, 0x00000000a6750418, 0x00000000a6800000| 31%| E|  |TAMS 0x00000000a6700000| PB 0x00000000a6700000| Complete 
|  90|0x00000000a6800000, 0x00000000a6900000, 0x00000000a6900000|100%| E|CS|TAMS 0x00000000a6800000| PB 0x00000000a6800000| Complete 
|  95|0x00000000a6d00000, 0x00000000a6e00000, 0x00000000a6e00000|100%| E|CS|TAMS 0x00000000a6d00000| PB 0x00000000a6d00000| Complete 

Card table byte_map: [0x000002630f000000,0x000002630f300000] _byte_map_base: 0x000002630eaf9000

Marking Bits: (CMBitMap*) 0x000002637bfa20c0
 Bits: [0x000002630f300000, 0x0000026310ac8000)

Polling page: 0x0000026379e40000

Metaspace:

Usage:
  Non-class:     33.38 MB used.
      Class:      5.30 MB used.
       Both:     38.68 MB used.

Virtual space:
  Non-class space:       64.00 MB reserved,      33.62 MB ( 53%) committed,  1 nodes.
      Class space:        1.00 GB reserved,       5.44 MB ( <1%) committed,  1 nodes.
             Both:        1.06 GB reserved,      39.06 MB (  4%) committed. 

Chunk freelists:
   Non-Class:  13.98 MB
       Class:  10.50 MB
        Both:  24.48 MB

MaxMetaspaceSize: unlimited
CompressedClassSpaceSize: 1.00 GB
Initial GC threshold: 21.00 MB
Current GC threshold: 58.69 MB
CDS: on
 - commit_granule_bytes: 65536.
 - commit_granule_words: 8192.
 - virtual_space_node_default_size: 8388608.
 - enlarge_chunks_in_place: 1.
 - use_allocation_guard: 0.


Internal statistics:

num_allocs_failed_limit: 6.
num_arena_births: 416.
num_arena_deaths: 0.
num_vsnodes_births: 2.
num_vsnodes_deaths: 0.
num_space_committed: 625.
num_space_uncommitted: 0.
num_chunks_returned_to_freelist: 6.
num_chunks_taken_from_freelist: 1708.
num_chunk_merges: 6.
num_chunk_splits: 1233.
num_chunks_enlarged: 991.
num_inconsistent_stats: 0.

CodeHeap 'non-profiled nmethods': size=120000Kb used=1348Kb max_used=1348Kb free=118651Kb
 bounds [0x0000026307ad0000, 0x0000026307d40000, 0x000002630f000000]
CodeHeap 'profiled nmethods': size=120000Kb used=5078Kb max_used=5078Kb free=114921Kb
 bounds [0x0000026300000000, 0x0000026300500000, 0x0000026307530000]
CodeHeap 'non-nmethods': size=5760Kb used=1648Kb max_used=1703Kb free=4111Kb
 bounds [0x0000026307530000, 0x00000263077a0000, 0x0000026307ad0000]
 total_blobs=3475 nmethods=2786 adapters=592
 compilation: enabled
              stopped_count=0, restarted_count=0
 full_count=0

Compilation events (20 events):
Event: 48.924 Thread 0x00000263134d0790 nmethod 2946 0x0000026300050210 code [0x0000026300050480, 0x0000026300050d68]
Event: 48.924 Thread 0x00000263134d0790 2923       3       org.antlr.v4.runtime.atn.PredictionContext::calculateHashCode (25 bytes)
Event: 48.925 Thread 0x00000263134d0790 nmethod 2923 0x000002630004fc10 code [0x000002630004fde0, 0x0000026300050088]
Event: 48.925 Thread 0x00000263134d0790 2927       3       org.antlr.v4.runtime.atn.SingletonPredictionContext::create (24 bytes)
Event: 48.925 Thread 0x00000263134d0790 nmethod 2927 0x00000263000a7210 code [0x00000263000a73c0, 0x00000263000a75f0]
Event: 48.925 Thread 0x00000263134d0790 2954       3       org.antlr.v4.runtime.misc.IntervalSet::contains (97 bytes)
Event: 48.925 Thread 0x00000263134d0790 nmethod 2954 0x000002630004f290 code [0x000002630004f480, 0x000002630004f9e8]
Event: 48.925 Thread 0x00000263134d0790 2890       3       org.antlr.v4.runtime.atn.ATNConfigSet$AbstractConfigHashSet::createBucket (6 bytes)
Event: 48.925 Thread 0x00000263134d0790 nmethod 2890 0x000002630004ee10 code [0x000002630004efc0, 0x000002630004f1b8]
Event: 48.925 Thread 0x00000263134d0790 2898       3       org.antlr.v4.runtime.atn.ATNConfigSet$AbstractConfigHashSet::createBucket (5 bytes)
Event: 48.925 Thread 0x00000263134d0790 nmethod 2898 0x000002630004ea10 code [0x000002630004eba0, 0x000002630004ed40]
Event: 48.925 Thread 0x00000263134d0790 2956       3       org.antlr.v4.runtime.atn.ParserATNSimulator::closureCheckingStopState (370 bytes)
Event: 48.927 Thread 0x00000263134d0790 nmethod 2956 0x000002630004b690 code [0x000002630004bb60, 0x000002630004dec8]
Event: 48.927 Thread 0x00000263134d0790 2957       3       org.antlr.v4.runtime.atn.ParserATNSimulator::getEpsilonTarget (155 bytes)
Event: 48.928 Thread 0x00000263134d0790 nmethod 2957 0x000002630004a390 code [0x000002630004a620, 0x000002630004b400]
Event: 48.928 Thread 0x00000263134d0790 2958       2       java.util.HashSet::add (20 bytes)
Event: 48.928 Thread 0x00000263134d0790 nmethod 2958 0x000002630004a010 code [0x000002630004a1c0, 0x000002630004a310]
Event: 48.928 Thread 0x00000263134d0790 2952       3       org.antlr.v4.runtime.atn.LexerATNSimulator::getReachableTarget (18 bytes)
Event: 48.928 Thread 0x0000026359423600 nmethod 2947 0x0000026307c1ad90 code [0x0000026307c1afa0, 0x0000026307c1b400]
Event: 48.928 Thread 0x0000026359423600 2950       4       java.util.Arrays::equals (57 bytes)

GC Heap History (12 events):
Event: 18.373 GC heap before
{Heap before GC invocations=0 (full 0):
 garbage-first heap   total 98304K, used 23552K [0x00000000a0e00000, 0x0000000100000000)
  region size 1024K, 23 young (23552K), 0 survivors (0K)
 Metaspace       used 10627K, committed 10816K, reserved 1114112K
  class space    used 1203K, committed 1280K, reserved 1048576K
}
Event: 18.380 GC heap after
{Heap after GC invocations=1 (full 0):
 garbage-first heap   total 98304K, used 5696K [0x00000000a0e00000, 0x0000000100000000)
  region size 1024K, 3 young (3072K), 3 survivors (3072K)
 Metaspace       used 10627K, committed 10816K, reserved 1114112K
  class space    used 1203K, committed 1280K, reserved 1048576K
}
Event: 19.120 GC heap before
{Heap before GC invocations=1 (full 0):
 garbage-first heap   total 98304K, used 35392K [0x00000000a0e00000, 0x0000000100000000)
  region size 1024K, 33 young (33792K), 3 survivors (3072K)
 Metaspace       used 20411K, committed 20672K, reserved 1114112K
  class space    used 2424K, committed 2560K, reserved 1048576K
}
Event: 19.130 GC heap after
{Heap after GC invocations=2 (full 0):
 garbage-first heap   total 98304K, used 8706K [0x00000000a0e00000, 0x0000000100000000)
  region size 1024K, 3 young (3072K), 3 survivors (3072K)
 Metaspace       used 20411K, committed 20672K, reserved 1114112K
  class space    used 2424K, committed 2560K, reserved 1048576K
}
Event: 19.218 GC heap before
{Heap before GC invocations=2 (full 0):
 garbage-first heap   total 98304K, used 12802K [0x00000000a0e00000, 0x0000000100000000)
  region size 1024K, 8 young (8192K), 3 survivors (3072K)
 Metaspace       used 21207K, committed 21504K, reserved 1114112K
  class space    used 2581K, committed 2688K, reserved 1048576K
}
Event: 19.223 GC heap after
{Heap after GC invocations=3 (full 0):
 garbage-first heap   total 98304K, used 9047K [0x00000000a0e00000, 0x0000000100000000)
  region size 1024K, 4 young (4096K), 4 survivors (4096K)
 Metaspace       used 21207K, committed 21504K, reserved 1114112K
  class space    used 2581K, committed 2688K, reserved 1048576K
}
Event: 19.621 GC heap before
{Heap before GC invocations=4 (full 0):
 garbage-first heap   total 34816K, used 25431K [0x00000000a0e00000, 0x0000000100000000)
  region size 1024K, 20 young (20480K), 4 survivors (4096K)
 Metaspace       used 25258K, committed 25536K, reserved 1114112K
  class space    used 3194K, committed 3328K, reserved 1048576K
}
Event: 19.628 GC heap after
{Heap after GC invocations=5 (full 0):
 garbage-first heap   total 34816K, used 10368K [0x00000000a0e00000, 0x0000000100000000)
  region size 1024K, 2 young (2048K), 2 survivors (2048K)
 Metaspace       used 25258K, committed 25536K, reserved 1114112K
  class space    used 3194K, committed 3328K, reserved 1048576K
}
Event: 20.042 GC heap before
{Heap before GC invocations=5 (full 0):
 garbage-first heap   total 34816K, used 27776K [0x00000000a0e00000, 0x0000000100000000)
  region size 1024K, 20 young (20480K), 2 survivors (2048K)
 Metaspace       used 31863K, committed 32192K, reserved 1114112K
  class space    used 4231K, committed 4416K, reserved 1048576K
}
Event: 20.047 GC heap after
{Heap after GC invocations=6 (full 0):
 garbage-first heap   total 34816K, used 10745K [0x00000000a0e00000, 0x0000000100000000)
  region size 1024K, 2 young (2048K), 2 survivors (2048K)
 Metaspace       used 31863K, committed 32192K, reserved 1114112K
  class space    used 4231K, committed 4416K, reserved 1048576K
}
Event: 20.401 GC heap before
{Heap before GC invocations=6 (full 0):
 garbage-first heap   total 34816K, used 23033K [0x00000000a0e00000, 0x0000000100000000)
  region size 1024K, 15 young (15360K), 2 survivors (2048K)
 Metaspace       used 35618K, committed 35968K, reserved 1114112K
  class space    used 4801K, committed 4992K, reserved 1048576K
}
Event: 20.406 GC heap after
{Heap after GC invocations=7 (full 0):
 garbage-first heap   total 34816K, used 11568K [0x00000000a0e00000, 0x0000000100000000)
  region size 1024K, 2 young (2048K), 2 survivors (2048K)
 Metaspace       used 35618K, committed 35968K, reserved 1114112K
  class space    used 4801K, committed 4992K, reserved 1048576K
}

Dll operation events (8 events):
Event: 0.006 Loaded shared library C:\Users\Renan\.p2\pool\plugins\org.eclipse.justj.openjdk.hotspot.jre.full.win32.x86_64_21.0.7.v20250502-0916\jre\bin\java.dll
Event: 0.032 Loaded shared library C:\Users\Renan\.p2\pool\plugins\org.eclipse.justj.openjdk.hotspot.jre.full.win32.x86_64_21.0.7.v20250502-0916\jre\bin\zip.dll
Event: 0.086 Loaded shared library C:\Users\Renan\.p2\pool\plugins\org.eclipse.justj.openjdk.hotspot.jre.full.win32.x86_64_21.0.7.v20250502-0916\jre\bin\jimage.dll
Event: 0.089 Loaded shared library C:\Users\Renan\.p2\pool\plugins\org.eclipse.justj.openjdk.hotspot.jre.full.win32.x86_64_21.0.7.v20250502-0916\jre\bin\zip.dll
Event: 0.106 Loaded shared library C:\Users\Renan\.p2\pool\plugins\org.eclipse.justj.openjdk.hotspot.jre.full.win32.x86_64_21.0.7.v20250502-0916\jre\bin\net.dll
Event: 0.107 Loaded shared library C:\Users\Renan\.p2\pool\plugins\org.eclipse.justj.openjdk.hotspot.jre.full.win32.x86_64_21.0.7.v20250502-0916\jre\bin\nio.dll
Event: 17.671 Loaded shared library C:\Users\Renan\.p2\pool\plugins\org.eclipse.justj.openjdk.hotspot.jre.full.win32.x86_64_21.0.7.v20250502-0916\jre\bin\verify.dll
Event: 18.538 Loaded shared library C:\Users\Renan\.p2\pool\plugins\org.eclipse.justj.openjdk.hotspot.jre.full.win32.x86_64_21.0.7.v20250502-0916\jre\bin\extnet.dll

Deoptimization events (20 events):
Event: 29.670 Thread 0x0000026379cdfc00 Uncommon trap: trap_request=0xffffff45 fr.pc=0x0000026307b6ace0 relative=0x00000000000000c0
Event: 29.670 Thread 0x0000026379cdfc00 Uncommon trap: reason=unstable_if action=reinterpret pc=0x0000026307b6ace0 method=java.lang.StringConcatHelper.newString([BJ)Ljava/lang/String; @ 3 c2
Event: 29.670 Thread 0x0000026379cdfc00 DEOPT PACKING pc=0x0000026307b6ace0 sp=0x0000007f272fef60
Event: 29.670 Thread 0x0000026379cdfc00 DEOPT UNPACKING pc=0x00000263075846a2 sp=0x0000007f272feee8 mode 2
Event: 38.219 Thread 0x0000026379cdfc00 Uncommon trap: trap_request=0xffffffbe fr.pc=0x0000026307b64c6c relative=0x000000000000098c
Event: 38.219 Thread 0x0000026379cdfc00 Uncommon trap: reason=profile_predicate action=maybe_recompile pc=0x0000026307b64c6c method=java.util.regex.Pattern$Start.match(Ljava/util/regex/Matcher;ILjava/lang/CharSequence;)Z @ 34 c2
Event: 38.219 Thread 0x0000026379cdfc00 DEOPT PACKING pc=0x0000026307b64c6c sp=0x0000007f272fef10
Event: 38.219 Thread 0x0000026379cdfc00 DEOPT UNPACKING pc=0x00000263075846a2 sp=0x0000007f272fee60 mode 2
Event: 48.745 Thread 0x0000026379cdfc00 Uncommon trap: trap_request=0xffffffde fr.pc=0x0000026307b4e66c relative=0x00000000000000cc
Event: 48.745 Thread 0x0000026379cdfc00 Uncommon trap: reason=class_check action=maybe_recompile pc=0x0000026307b4e66c method=java.util.Collections$UnmodifiableCollection.contains(Ljava/lang/Object;)Z @ 5 c2
Event: 48.745 Thread 0x0000026379cdfc00 DEOPT PACKING pc=0x0000026307b4e66c sp=0x0000007f272fec70
Event: 48.745 Thread 0x0000026379cdfc00 DEOPT UNPACKING pc=0x00000263075846a2 sp=0x0000007f272fec18 mode 2
Event: 48.925 Thread 0x0000026379cdfc00 Uncommon trap: trap_request=0xffffff45 fr.pc=0x0000026307b5c9fc relative=0x00000000000000bc
Event: 48.925 Thread 0x0000026379cdfc00 Uncommon trap: reason=unstable_if action=reinterpret pc=0x0000026307b5c9fc method=org.antlr.v4.runtime.atn.ParserATNSimulator.closureCheckingStopState(Lorg/antlr/v4/runtime/atn/ATNConfig;Lorg/antlr/v4/runtime/atn/ATNConfigSet;Ljava/util/Set;ZZIZ)V @ 51 c2
Event: 48.925 Thread 0x0000026379cdfc00 DEOPT PACKING pc=0x0000026307b5c9fc sp=0x0000007f272fe5b0
Event: 48.925 Thread 0x0000026379cdfc00 DEOPT UNPACKING pc=0x00000263075846a2 sp=0x0000007f272fe510 mode 2
Event: 48.925 Thread 0x0000026379cdfc00 Uncommon trap: trap_request=0xffffff45 fr.pc=0x0000026307b5d270 relative=0x0000000000000410
Event: 48.925 Thread 0x0000026379cdfc00 Uncommon trap: reason=unstable_if action=reinterpret pc=0x0000026307b5d270 method=org.antlr.v4.runtime.atn.ParserATNSimulator.getEpsilonTarget(Lorg/antlr/v4/runtime/atn/ATNConfig;Lorg/antlr/v4/runtime/atn/Transition;ZZZZ)Lorg/antlr/v4/runtime/atn/ATNConfi
Event: 48.925 Thread 0x0000026379cdfc00 DEOPT PACKING pc=0x0000026307b5d270 sp=0x0000007f272fccf0
Event: 48.925 Thread 0x0000026379cdfc00 DEOPT UNPACKING pc=0x00000263075846a2 sp=0x0000007f272fcc88 mode 2

Classes loaded (20 events):
Event: 20.565 Loading class jdk/internal/icu/impl/Trie2$UTrie2Header
Event: 20.565 Loading class jdk/internal/icu/impl/Trie2$UTrie2Header done
Event: 48.760 Loading class java/util/EmptyStackException
Event: 48.760 Loading class java/util/EmptyStackException done
Event: 48.777 Loading class java/io/InvalidClassException
Event: 48.777 Loading class java/io/InvalidClassException done
Event: 48.800 Loading class java/nio/channels/ReadableByteChannel
Event: 48.800 Loading class java/nio/channels/ReadableByteChannel done
Event: 48.898 Loading class java/lang/ProcessEnvironment
Event: 48.898 Loading class java/lang/ProcessEnvironment done
Event: 48.898 Loading class java/lang/ProcessEnvironment$NameComparator
Event: 48.898 Loading class java/lang/ProcessEnvironment$NameComparator done
Event: 48.898 Loading class java/lang/ProcessEnvironment$EntryComparator
Event: 48.898 Loading class java/lang/ProcessEnvironment$EntryComparator done
Event: 48.899 Loading class java/lang/ProcessEnvironment$CheckedEntrySet
Event: 48.899 Loading class java/lang/ProcessEnvironment$CheckedEntrySet done
Event: 48.899 Loading class java/lang/ProcessEnvironment$CheckedEntrySet$1
Event: 48.899 Loading class java/lang/ProcessEnvironment$CheckedEntrySet$1 done
Event: 48.899 Loading class java/lang/ProcessEnvironment$CheckedEntry
Event: 48.899 Loading class java/lang/ProcessEnvironment$CheckedEntry done

Classes unloaded (0 events):
No events

Classes redefined (0 events):
No events

Internal exceptions (20 events):
Event: 20.143 Thread 0x0000026379cdfc00 Exception <a 'java/lang/NoSuchMethodError'{0x00000000a66dc050}: 'void java.lang.invoke.DirectMethodHandle$Holder.invokeStatic(java.lang.Object, java.lang.Object, java.lang.Object, int, java.lang.Object)'> (0x00000000a66dc050) 
thrown [s\src\hotspot\share\interpreter\linkResolver.cpp, line 773]
Event: 20.144 Thread 0x0000026379cdfc00 Exception <a 'java/lang/NoSuchMethodError'{0x00000000a66e75a8}: 'void java.lang.invoke.DirectMethodHandle$Holder.invokeInterface(java.lang.Object, java.lang.Object, int, java.lang.Object)'> (0x00000000a66e75a8) 
thrown [s\src\hotspot\share\interpreter\linkResolver.cpp, line 773]
Event: 20.148 Thread 0x0000026379cdfc00 Exception <a 'java/lang/NoSuchMethodError'{0x00000000a6509900}: 'java.lang.Object java.lang.invoke.DirectMethodHandle$Holder.newInvokeSpecial(java.lang.Object, java.lang.Object, int, java.lang.Object)'> (0x00000000a6509900) 
thrown [s\src\hotspot\share\interpreter\linkResolver.cpp, line 773]
Event: 20.148 Thread 0x0000026379cdfc00 Exception <a 'java/lang/NoSuchMethodError'{0x00000000a650d590}: 'java.lang.Object java.lang.invoke.DirectMethodHandle$Holder.invokeSpecial(java.lang.Object, java.lang.Object, java.lang.Object, int, java.lang.Object)'> (0x00000000a650d590) 
thrown [s\src\hotspot\share\interpreter\linkResolver.cpp, line 773]
Event: 20.162 Thread 0x0000026379cdfc00 Exception <a 'java/lang/NoSuchMethodError'{0x00000000a6599718}: 'java.lang.Object java.lang.invoke.DirectMethodHandle$Holder.newInvokeSpecial(java.lang.Object, java.lang.Object, int)'> (0x00000000a6599718) 
thrown [s\src\hotspot\share\interpreter\linkResolver.cpp, line 773]
Event: 20.207 Thread 0x0000026379cdfc00 Exception <a 'java/lang/NoSuchMethodError'{0x00000000a2919678}: 'java.lang.Object java.lang.invoke.DirectMethodHandle$Holder.newInvokeSpecial(java.lang.Object, java.lang.Object, java.lang.Object, java.lang.Object, java.lang.Object, java.lang.Object, java.lang.Object, java.lang.Object, java.lang.Object, java.lang.Object, java.lang.Object, java.lang.Object)'> (0x00000000a2919678) 
thrown [s\src\hotspot\share\interpreter\linkResolver.cpp, line 773]
Event: 20.208 Thread 0x0000026379cdfc00 Exception <a 'java/lang/NoSuchMethodError'{0x00000000a2922658}: 'java.lang.Object java.lang.invoke.Invokers$Holder.linkToTargetMethod(java.lang.Object, java.lang.Object, java.lang.Object, java.lang.Object, java.lang.Object, java.lang.Object, java.lang.Object, java.lang.Object, java.lang.Object, java.lang.Object, java.lang.Object, java.lang.Object)'> (0x00000000a2922658) 
thrown [s\src\hotspot\share\interpreter\linkResolver.cpp, line 773]
Event: 20.217 Thread 0x0000026379cdfc00 Exception <a 'java/lang/NoSuchMethodError'{0x00000000a2976070}: 'void java.lang.invoke.DirectMethodHandle$Holder.invokeSpecial(java.lang.Object, java.lang.Object, java.lang.Object, java.lang.Object, java.lang.Object)'> (0x00000000a2976070) 
thrown [s\src\hotspot\share\interpreter\linkResolver.cpp, line 773]
Event: 20.254 Thread 0x0000026379cdfc00 Exception <a 'java/lang/NoSuchMethodError'{0x00000000a28fde10}: 'java.lang.Object java.lang.invoke.DirectMethodHandle$Holder.newInvokeSpecial(java.lang.Object, java.lang.Object, int, java.lang.Object, int, java.lang.Object, java.lang.Object)'> (0x00000000a28fde10) 
thrown [s\src\hotspot\share\interpreter\linkResolver.cpp, line 773]
Event: 20.264 Thread 0x0000026379cdfc00 Exception <a 'java/lang/NoSuchMethodError'{0x00000000a27654b8}: 'java.lang.Object java.lang.invoke.DirectMethodHandle$Holder.newInvokeSpecial(java.lang.Object, java.lang.Object, java.lang.Object, java.lang.Object, java.lang.Object, java.lang.Object, java.lang.Object, int)'> (0x00000000a27654b8) 
thrown [s\src\hotspot\share\interpreter\linkResolver.cpp, line 773]
Event: 20.264 Thread 0x0000026379cdfc00 Exception <a 'java/lang/NoSuchMethodError'{0x00000000a2769e60}: 'java.lang.Object java.lang.invoke.DirectMethodHandle$Holder.invokeSpecial(java.lang.Object, java.lang.Object, java.lang.Object, java.lang.Object, java.lang.Object, java.lang.Object, java.lang.Object, java.lang.Object, int)'> (0x00000000a2769e60) 
thrown [s\src\hotspot\share\interpreter\linkResolver.cpp, line 773]
Event: 20.265 Thread 0x0000026379cdfc00 Exception <a 'java/lang/NoSuchMethodError'{0x00000000a276de98}: 'java.lang.Object java.lang.invoke.Invokers$Holder.linkToTargetMethod(java.lang.Object, java.lang.Object, java.lang.Object, java.lang.Object, java.lang.Object, java.lang.Object, int, java.lang.Object)'> (0x00000000a276de98) 
thrown [s\src\hotspot\share\interpreter\linkResolver.cpp, line 773]
Event: 20.278 Thread 0x0000026379cdfc00 Exception <a 'java/lang/NoSuchMethodError'{0x00000000a27b5048}: 'void java.lang.invoke.DirectMethodHandle$Holder.invokeInterface(java.lang.Object, java.lang.Object, java.lang.Object)'> (0x00000000a27b5048) 
thrown [s\src\hotspot\share\interpreter\linkResolver.cpp, line 773]
Event: 20.288 Thread 0x0000026379cdfc00 Exception <a 'java/lang/NoSuchMethodError'{0x00000000a2619920}: 'void java.lang.invoke.DirectMethodHandle$Holder.invokeInterface(java.lang.Object, java.lang.Object)'> (0x00000000a2619920) 
thrown [s\src\hotspot\share\interpreter\linkResolver.cpp, line 773]
Event: 20.311 Thread 0x0000026379cdfc00 Exception <a 'java/lang/NoSuchMethodError'{0x00000000a2506ac8}: 'java.lang.Object java.lang.invoke.DirectMethodHandle$Holder.invokeStaticInit(java.lang.Object, java.lang.Object, java.lang.Object)'> (0x00000000a2506ac8) 
thrown [s\src\hotspot\share\interpreter\linkResolver.cpp, line 773]
Event: 20.522 Thread 0x0000026379cdfc00 Exception <a 'java/lang/NoSuchMethodError'{0x00000000a66bd118}: 'void java.lang.invoke.DelegatingMethodHandle$Holder.reinvoke_L(java.lang.Object, java.lang.Object, int)'> (0x00000000a66bd118) 
thrown [s\src\hotspot\share\interpreter\linkResolver.cpp, line 773]
Event: 20.522 Thread 0x0000026379cdfc00 Exception <a 'java/lang/NoSuchMethodError'{0x00000000a66c3988}: 'int java.lang.invoke.Invokers$Holder.invokeExact_MT(java.lang.Object, java.lang.Object, java.lang.Object)'> (0x00000000a66c3988) 
thrown [s\src\hotspot\share\interpreter\linkResolver.cpp, line 773]
Event: 20.531 Thread 0x0000026379cdfc00 Exception <a 'java/lang/NoSuchMethodError'{0x00000000a65228e8}: 'void java.lang.invoke.Invokers$Holder.invokeExact_MT(java.lang.Object, java.lang.Object, int, java.lang.Object)'> (0x00000000a65228e8) 
thrown [s\src\hotspot\share\interpreter\linkResolver.cpp, line 773]
Event: 20.532 Thread 0x0000026379cdfc00 Exception <a 'java/lang/NoSuchMethodError'{0x00000000a6525d28}: 'void java.lang.invoke.Invokers$Holder.invokeExact_MT(java.lang.Object, java.lang.Object, java.lang.Object, java.lang.Object)'> (0x00000000a6525d28) 
thrown [s\src\hotspot\share\interpreter\linkResolver.cpp, line 773]
Event: 20.614 Thread 0x0000026379cdfc00 Exception <a 'java/lang/IncompatibleClassChangeError'{0x00000000a282eb60}: Found class java.lang.Object, but interface was expected> (0x00000000a282eb60) 
thrown [s\src\hotspot\share\interpreter\linkResolver.cpp, line 840]

ZGC Phase Switch (0 events):
No events

VM Operations (20 events):
Event: 20.401 Executing VM operation: CollectForMetadataAllocation (Metadata GC Threshold)
Event: 20.407 Executing VM operation: CollectForMetadataAllocation (Metadata GC Threshold) done
Event: 20.417 Executing VM operation: G1PauseRemark
Event: 20.420 Executing VM operation: G1PauseRemark done
Event: 20.424 Executing VM operation: G1PauseCleanup
Event: 20.424 Executing VM operation: G1PauseCleanup done
Event: 21.435 Executing VM operation: Cleanup
Event: 21.435 Executing VM operation: Cleanup done
Event: 25.477 Executing VM operation: Cleanup
Event: 25.477 Executing VM operation: Cleanup done
Event: 46.664 Executing VM operation: Cleanup
Event: 46.664 Executing VM operation: Cleanup done
Event: 48.793 Executing VM operation: HandshakeAllThreads (Deoptimize)
Event: 48.793 Executing VM operation: HandshakeAllThreads (Deoptimize) done
Event: 48.793 Executing VM operation: Cleanup
Event: 48.793 Executing VM operation: Cleanup done
Event: 48.803 Executing VM operation: HandshakeAllThreads (Deoptimize)
Event: 48.803 Executing VM operation: HandshakeAllThreads (Deoptimize) done
Event: 48.898 Executing VM operation: HandshakeAllThreads (Deoptimize)
Event: 48.898 Executing VM operation: HandshakeAllThreads (Deoptimize) done

Memory protections (0 events):
No events

Nmethod flushes (20 events):
Event: 20.420 Thread 0x0000026313495f90 flushing  nmethod 0x000002630010e610
Event: 20.420 Thread 0x0000026313495f90 flushing  nmethod 0x000002630010ed10
Event: 20.420 Thread 0x0000026313495f90 flushing  nmethod 0x000002630010f990
Event: 20.420 Thread 0x0000026313495f90 flushing  nmethod 0x0000026300110d10
Event: 20.420 Thread 0x0000026313495f90 flushing  nmethod 0x0000026300137790
Event: 20.420 Thread 0x0000026313495f90 flushing  nmethod 0x0000026300184590
Event: 20.420 Thread 0x0000026313495f90 flushing  nmethod 0x000002630018e510
Event: 20.420 Thread 0x0000026313495f90 flushing  nmethod 0x000002630018f110
Event: 20.420 Thread 0x0000026313495f90 flushing  nmethod 0x00000263001a5890
Event: 20.420 Thread 0x0000026313495f90 flushing  nmethod 0x00000263001ba290
Event: 20.420 Thread 0x0000026313495f90 flushing  nmethod 0x00000263001f5e10
Event: 20.420 Thread 0x0000026313495f90 flushing osr nmethod 0x0000026300207090
Event: 20.420 Thread 0x0000026313495f90 flushing  nmethod 0x000002630020fd90
Event: 20.420 Thread 0x0000026313495f90 flushing  nmethod 0x0000026300232790
Event: 20.420 Thread 0x0000026313495f90 flushing  nmethod 0x0000026300233010
Event: 20.420 Thread 0x0000026313495f90 flushing  nmethod 0x0000026300234410
Event: 20.420 Thread 0x0000026313495f90 flushing  nmethod 0x0000026300245590
Event: 20.420 Thread 0x0000026313495f90 flushing  nmethod 0x000002630026ac10
Event: 20.420 Thread 0x0000026313495f90 flushing  nmethod 0x000002630026b690
Event: 20.420 Thread 0x0000026313495f90 flushing  nmethod 0x000002630031ca90

Events (20 events):
Event: 0.034 Thread 0x0000026379cdfc00 Thread added: 0x00000263134b6510
Event: 0.034 Thread 0x0000026379cdfc00 Thread added: 0x00000263134b6f60
Event: 0.034 Thread 0x0000026379cdfc00 Thread added: 0x00000263134c29e0
Event: 0.034 Thread 0x0000026379cdfc00 Thread added: 0x00000263134c36b0
Event: 0.034 Thread 0x0000026379cdfc00 Thread added: 0x00000263134cfae0
Event: 0.034 Thread 0x0000026379cdfc00 Thread added: 0x00000263134d0790
Event: 0.065 Thread 0x0000026379cdfc00 Thread added: 0x000002631361b9b0
Event: 0.068 Thread 0x0000026379cdfc00 Thread added: 0x000002631361d5f0
Event: 0.111 Thread 0x00000263134d0790 Thread added: 0x0000026313721650
Event: 5.121 Thread 0x0000026313721650 Thread exited: 0x0000026313721650
Event: 17.651 Thread 0x00000263134cfae0 Thread added: 0x000002631384a850
Event: 18.413 Thread 0x0000026379cdfc00 Thread added: 0x0000026359a1a6c0
Event: 18.669 Thread 0x0000026379cdfc00 Thread added: 0x0000026359bd5e70
Event: 19.742 Thread 0x000002631384a850 Thread exited: 0x000002631384a850
Event: 19.888 Thread 0x00000263134d0790 Thread added: 0x000002635ad80db0
Event: 20.563 Thread 0x00000263134d0790 Thread added: 0x000002635b60ca50
Event: 20.762 Thread 0x000002635b60ca50 Thread exited: 0x000002635b60ca50
Event: 20.765 Thread 0x000002635ad80db0 Thread exited: 0x000002635ad80db0
Event: 48.894 Thread 0x00000263134d0790 Thread added: 0x000002635b757020
Event: 48.914 Thread 0x00000263134d0790 Thread added: 0x0000026359423600


Dynamic libraries:
0x00007ff68a120000 - 0x00007ff68a12e000 	C:\Users\Renan\.p2\pool\plugins\org.eclipse.justj.openjdk.hotspot.jre.full.win32.x86_64_21.0.7.v20250502-0916\jre\bin\javaw.exe
0x00007ffcfb150000 - 0x00007ffcfb346000 	C:\Windows\SYSTEM32\ntdll.dll
0x00007ffcfb090000 - 0x00007ffcfb14d000 	C:\Windows\System32\KERNEL32.DLL
0x00007ffcf9010000 - 0x00007ffcf92d8000 	C:\Windows\System32\KERNELBASE.dll
0x00007ffcf8af0000 - 0x00007ffcf8bf0000 	C:\Windows\System32\ucrtbase.dll
0x00007ffced320000 - 0x00007ffced338000 	C:\Users\Renan\.p2\pool\plugins\org.eclipse.justj.openjdk.hotspot.jre.full.win32.x86_64_21.0.7.v20250502-0916\jre\bin\jli.dll
0x00007ffced780000 - 0x00007ffced79e000 	C:\Users\Renan\.p2\pool\plugins\org.eclipse.justj.openjdk.hotspot.jre.full.win32.x86_64_21.0.7.v20250502-0916\jre\bin\VCRUNTIME140.dll
0x00007ffcfa620000 - 0x00007ffcfa7c0000 	C:\Windows\System32\USER32.dll
0x00007ffce6c30000 - 0x00007ffce6ecb000 	C:\Windows\WinSxS\amd64_microsoft.windows.common-controls_6595b64144ccf1df_6.0.19041.488_none_ca04af081b815d21\COMCTL32.dll
0x00007ffcf8cc0000 - 0x00007ffcf8ce2000 	C:\Windows\System32\win32u.dll
0x00007ffcf92e0000 - 0x00007ffcf930a000 	C:\Windows\System32\GDI32.dll
0x00007ffcf9450000 - 0x00007ffcf94ee000 	C:\Windows\System32\msvcrt.dll
0x00007ffcf8da0000 - 0x00007ffcf8ea9000 	C:\Windows\System32\gdi32full.dll
0x00007ffcf8a20000 - 0x00007ffcf8abd000 	C:\Windows\System32\msvcp_win.dll
0x00007ffcf94f0000 - 0x00007ffcf9520000 	C:\Windows\System32\IMM32.DLL
0x00007ffcef280000 - 0x00007ffcef28c000 	C:\Users\Renan\.p2\pool\plugins\org.eclipse.justj.openjdk.hotspot.jre.full.win32.x86_64_21.0.7.v20250502-0916\jre\bin\vcruntime140_1.dll
0x00007ffce2ed0000 - 0x00007ffce2f5d000 	C:\Users\Renan\.p2\pool\plugins\org.eclipse.justj.openjdk.hotspot.jre.full.win32.x86_64_21.0.7.v20250502-0916\jre\bin\msvcp140.dll
0x00007ffcb9450000 - 0x00007ffcba1e0000 	C:\Users\Renan\.p2\pool\plugins\org.eclipse.justj.openjdk.hotspot.jre.full.win32.x86_64_21.0.7.v20250502-0916\jre\bin\server\jvm.dll
0x00007ffcf9980000 - 0x00007ffcf9a2c000 	C:\Windows\System32\ADVAPI32.dll
0x00007ffcf9600000 - 0x00007ffcf969b000 	C:\Windows\System32\sechost.dll
0x00007ffcfaa40000 - 0x00007ffcfab64000 	C:\Windows\System32\RPCRT4.dll
0x00007ffcf9590000 - 0x00007ffcf95fb000 	C:\Windows\System32\WS2_32.dll
0x00007ffceeff0000 - 0x00007ffcef017000 	C:\Windows\SYSTEM32\WINMM.dll
0x00007ffcf88a0000 - 0x00007ffcf88eb000 	C:\Windows\SYSTEM32\POWRPROF.dll
0x00007ffcf27f0000 - 0x00007ffcf27fa000 	C:\Windows\SYSTEM32\VERSION.dll
0x00007ffcf8880000 - 0x00007ffcf8892000 	C:\Windows\SYSTEM32\UMPDC.dll
0x00007ffcf6910000 - 0x00007ffcf6922000 	C:\Windows\SYSTEM32\kernel.appcore.dll
0x00007ffcf51d0000 - 0x00007ffcf51da000 	C:\Users\Renan\.p2\pool\plugins\org.eclipse.justj.openjdk.hotspot.jre.full.win32.x86_64_21.0.7.v20250502-0916\jre\bin\jimage.dll
0x00007ffcf3750000 - 0x00007ffcf3934000 	C:\Windows\SYSTEM32\DBGHELP.DLL
0x00007ffceef10000 - 0x00007ffceef3c000 	C:\Windows\SYSTEM32\dbgcore.DLL
0x00007ffcf8c40000 - 0x00007ffcf8cbf000 	C:\Windows\System32\bcryptPrimitives.dll
0x00007ffcefb70000 - 0x00007ffcefb8f000 	C:\Users\Renan\.p2\pool\plugins\org.eclipse.justj.openjdk.hotspot.jre.full.win32.x86_64_21.0.7.v20250502-0916\jre\bin\java.dll
0x00007ffcf9a30000 - 0x00007ffcfa171000 	C:\Windows\System32\SHELL32.dll
0x00007ffcf6b10000 - 0x00007ffcf72a5000 	C:\Windows\SYSTEM32\windows.storage.dll
0x00007ffcfa190000 - 0x00007ffcfa4e5000 	C:\Windows\System32\combase.dll
0x00007ffcf8360000 - 0x00007ffcf838c000 	C:\Windows\SYSTEM32\Wldp.dll
0x00007ffcfab70000 - 0x00007ffcfac1e000 	C:\Windows\System32\SHCORE.dll
0x00007ffcf9520000 - 0x00007ffcf9575000 	C:\Windows\System32\shlwapi.dll
0x00007ffcf88f0000 - 0x00007ffcf8916000 	C:\Windows\SYSTEM32\profapi.dll
0x00007ffcef3b0000 - 0x00007ffcef3c8000 	C:\Users\Renan\.p2\pool\plugins\org.eclipse.justj.openjdk.hotspot.jre.full.win32.x86_64_21.0.7.v20250502-0916\jre\bin\zip.dll
0x00007ffcf51c0000 - 0x00007ffcf51d0000 	C:\Users\Renan\.p2\pool\plugins\org.eclipse.justj.openjdk.hotspot.jre.full.win32.x86_64_21.0.7.v20250502-0916\jre\bin\net.dll
0x00007ffcf1120000 - 0x00007ffcf1220000 	C:\Windows\SYSTEM32\WINHTTP.dll
0x00007ffcf80e0000 - 0x00007ffcf814a000 	C:\Windows\system32\mswsock.dll
0x00007ffcef390000 - 0x00007ffcef3a6000 	C:\Users\Renan\.p2\pool\plugins\org.eclipse.justj.openjdk.hotspot.jre.full.win32.x86_64_21.0.7.v20250502-0916\jre\bin\nio.dll
0x00007ffcf39e0000 - 0x00007ffcf39f0000 	C:\Users\Renan\.p2\pool\plugins\org.eclipse.justj.openjdk.hotspot.jre.full.win32.x86_64_21.0.7.v20250502-0916\jre\bin\verify.dll
0x00007ffcf82b0000 - 0x00007ffcf82c8000 	C:\Windows\SYSTEM32\CRYPTSP.dll
0x00007ffcf7a70000 - 0x00007ffcf7aa4000 	C:\Windows\system32\rsaenh.dll
0x00007ffcf8ac0000 - 0x00007ffcf8ae7000 	C:\Windows\System32\bcrypt.dll
0x00007ffcf8800000 - 0x00007ffcf882e000 	C:\Windows\SYSTEM32\USERENV.dll
0x00007ffcf82d0000 - 0x00007ffcf82dc000 	C:\Windows\SYSTEM32\CRYPTBASE.dll
0x00007ffcf7dd0000 - 0x00007ffcf7e0b000 	C:\Windows\SYSTEM32\IPHLPAPI.DLL
0x00007ffcfa180000 - 0x00007ffcfa188000 	C:\Windows\System32\NSI.dll
0x00007ffcf7e10000 - 0x00007ffcf7edb000 	C:\Windows\SYSTEM32\DNSAPI.dll
0x00007ffcf0ab0000 - 0x00007ffcf0aba000 	C:\Windows\System32\rasadhlp.dll
0x00007ffcf1260000 - 0x00007ffcf12df000 	C:\Windows\System32\fwpuclnt.dll
0x00007ffcf39b0000 - 0x00007ffcf39b9000 	C:\Users\Renan\.p2\pool\plugins\org.eclipse.justj.openjdk.hotspot.jre.full.win32.x86_64_21.0.7.v20250502-0916\jre\bin\extnet.dll

dbghelp: loaded successfully - version: 4.0.5 - missing functions: none
symbol engine: initialized successfully - sym options: 0x614 - pdb path: .;C:\Users\Renan\.p2\pool\plugins\org.eclipse.justj.openjdk.hotspot.jre.full.win32.x86_64_21.0.7.v20250502-0916\jre\bin;C:\Windows\SYSTEM32;C:\Windows\WinSxS\amd64_microsoft.windows.common-controls_6595b64144ccf1df_6.0.19041.488_none_ca04af081b815d21;C:\Users\Renan\.p2\pool\plugins\org.eclipse.justj.openjdk.hotspot.jre.full.win32.x86_64_21.0.7.v20250502-0916\jre\bin\server

VM Arguments:
jvm_args: -Dfile.encoding=UTF-8 -Dstdout.encoding=UTF-8 -Dstderr.encoding=UTF-8 -XX:+ShowCodeDetailsInExceptionMessages 
java_command: todolist.app.App
java_class_path (initial): C:\Users\Renan\eclipse-workspace\ToDoList\target\classes;C:\Users\Renan\.m2\repository\com\mysql\mysql-connector-j\9.3.0\mysql-connector-j-9.3.0.jar;C:\Users\Renan\.m2\repository\com\google\protobuf\protobuf-java\4.29.0\protobuf-java-4.29.0.jar;C:\Users\Renan\.m2\repository\jakarta\persistence\jakarta.persistence-api\3.1.0\jakarta.persistence-api-3.1.0.jar;C:\Users\Renan\.m2\repository\org\hibernate\orm\hibernate-core\6.4.4.Final\hibernate-core-6.4.4.Final.jar;C:\Users\Renan\.m2\repository\jakarta\transaction\jakarta.transaction-api\2.0.1\jakarta.transaction-api-2.0.1.jar;C:\Users\Renan\.m2\repository\org\jboss\logging\jboss-logging\3.5.0.Final\jboss-logging-3.5.0.Final.jar;C:\Users\Renan\.m2\repository\org\hibernate\common\hibernate-commons-annotations\6.0.6.Final\hibernate-commons-annotations-6.0.6.Final.jar;C:\Users\Renan\.m2\repository\io\smallrye\jandex\3.1.2\jandex-3.1.2.jar;C:\Users\Renan\.m2\repository\com\fasterxml\classmate\1.5.1\classmate-1.5.1.jar;C:\Users\Renan\.m2\repository\net\bytebuddy\byte-buddy\1.14.11\byte-buddy-1.14.11.jar;C:\Users\Renan\.m2\repository\jakarta\xml\bind\jakarta.xml.bind-api\4.0.0\jakarta.xml.bind-api-4.0.0.jar;C:\Users\Renan\.m2\repository\jakarta\activation\jakarta.activation-api\2.1.0\jakarta.activation-api-2.1.0.jar;C:\Users\Renan\.m2\repository\org\glassfish\jaxb\jaxb-runtime\4.0.2\jaxb-runtime-4.0.2.jar;C:\Users\Renan\.m2\repository\org\glassfish\jaxb\jaxb-core\4.0.2\jaxb-core-4.0.2.jar;C:\Users\Renan\.m2\repository\org\eclipse\angus\angus-activation\2.0.0\angus-activation-2.0.0.jar;C:\Users\Renan\.m2\repository\org\glassfish\jaxb\txw2\4.0.2\txw2-4.0.2.jar;C:\Users\Renan\.m2\repository\com\sun\istack\istack-commons-runtime\4.1.1\istack-commons-runtime-4.1.1.jar;C:\Users\Renan\.m2\repository\jakarta\inject\jakarta.inject-api\2.0.1\jakarta.inject-api-2.0.1.jar;C:\Users\Renan\.m2\repository\org\antlr\antlr4-runtime\4.13.0\antlr4-runtime-4.13.0.jar;C:\Users\Renan\.m2\repository\org\hibernate\validator\hibernate-validator\8.0.1.Final\hibernate-validator-8.0.1.Final.jar;C:\Users\Renan\.m2\repository\jakarta\validation\jakarta.validation-api\3.0.2\jakarta.validation-api-3.0.2.jar;C:\Users\Renan\.m2\repository\org\glassfish\jakarta.el\4.0.2\jakarta.el-4.0.2.jar;C:\Users\Renan\.m2\repository\jakarta\el\jakarta.el-api\4.0.0\jakarta.el-api-4.0.0.jar;C:\Users\Renan\.m2\repository\org\springframework\security\spring-security-crypto\6.1.5\spring-security-crypto-6.1.5.jar;C:\Users\Renan\.m2\repository\commons-logging\commons-logging\1.2\commons-logging-1.2.jar
Launcher Type: SUN_STANDARD

[Global flags]
     intx CICompilerCount                          = 4                                         {product} {ergonomic}
     uint ConcGCThreads                            = 2                                         {product} {ergonomic}
     uint G1ConcRefinementThreads                  = 8                                         {product} {ergonomic}
   size_t G1HeapRegionSize                         = 1048576                                   {product} {ergonomic}
    uintx GCDrainStackTargetSize                   = 64                                        {product} {ergonomic}
   size_t InitialHeapSize                          = 100663296                                 {product} {ergonomic}
   size_t MarkStackSize                            = 4194304                                   {product} {ergonomic}
   size_t MaxHeapSize                              = 1595932672                                {product} {ergonomic}
   size_t MaxNewSize                               = 957349888                                 {product} {ergonomic}
   size_t MinHeapDeltaBytes                        = 1048576                                   {product} {ergonomic}
   size_t MinHeapSize                              = 8388608                                   {product} {ergonomic}
    uintx NonNMethodCodeHeapSize                   = 5839372                                {pd product} {ergonomic}
    uintx NonProfiledCodeHeapSize                  = 122909434                              {pd product} {ergonomic}
    uintx ProfiledCodeHeapSize                     = 122909434                              {pd product} {ergonomic}
    uintx ReservedCodeCacheSize                    = 251658240                              {pd product} {ergonomic}
     bool SegmentedCodeCache                       = true                                      {product} {ergonomic}
     bool ShowCodeDetailsInExceptionMessages       = true                                   {manageable} {command line}
   size_t SoftMaxHeapSize                          = 1595932672                             {manageable} {ergonomic}
     bool UseCompressedOops                        = true                           {product lp64_product} {ergonomic}
     bool UseG1GC                                  = true                                      {product} {ergonomic}
     bool UseLargePagesIndividualAllocation        = false                                  {pd product} {ergonomic}

Logging:
Log output configuration:
 #0: stdout all=warning uptime,level,tags foldmultilines=false
 #1: stderr all=off uptime,level,tags foldmultilines=false

Environment Variables:
PATH=C:/Users/Renan/.p2/pool/plugins/org.eclipse.justj.openjdk.hotspot.jre.full.win32.x86_64_21.0.7.v20250502-0916/jre/bin/server;C:/Users/Renan/.p2/pool/plugins/org.eclipse.justj.openjdk.hotspot.jre.full.win32.x86_64_21.0.7.v20250502-0916/jre/bin;C:\Program Files\Common Files\Oracle\Java\javapath;C:\Windows\system32;C:\Windows;C:\Windows\System32\Wbem;C:\Windows\System32\WindowsPowerShell\v1.0\;C:\Program Files\Git\cmd;C:\apache-maven-3.9.9\bin;C:\Program Files\Java\jdk-21\bin;C:\Program Files\MySQL\MySQL Shell 8.0\bin\;C:\Users\Renan\AppData\Local\Microsoft\WindowsApps;C:\Users\Renan\AppData\Local\Programs\Microsoft VS Code\bin;C:\Users\Renan\Desktop;
USERNAME=Renan
OS=Windows_NT
PROCESSOR_IDENTIFIER=AMD64 Family 23 Model 24 Stepping 1, AuthenticAMD
TMP=C:\Users\Renan\AppData\Local\Temp
TEMP=C:\Users\Renan\AppData\Local\Temp




Periodic native trim disabled

---------------  S Y S T E M  ---------------

OS:
 Windows 10 , 64 bit Build 19041 (10.0.19041.546)
OS uptime: 1 days 3:25 hours

CPU: total 8 (initial active 8) (8 cores per cpu, 2 threads per core) family 23 model 24 stepping 1 microcode 0x0, cx8, cmov, fxsr, ht, mmx, 3dnowpref, sse, sse2, sse3, ssse3, sse4a, sse4.1, sse4.2, popcnt, lzcnt, tsc, tscinvbit, avx, avx2, aes, clmul, bmi1, bmi2, adx, sha, fma, vzeroupper, clflush, clflushopt, rdtscp, f16c
Processor Information for the first 8 processors :
  Max Mhz: 2100, Current Mhz: 2100, Mhz Limit: 2100

Memory: 4k page, system-wide physical 6081M (2525M free)
TotalPageFile size 7745M (AvailPageFile size 2394M)
current process WorkingSet (physical memory assigned to process): 156M, peak: 169M
current process commit charge ("private bytes"): 202M, peak: 226M

vm_info: OpenJDK 64-Bit Server VM (21.0.7+6-LTS) for windows-amd64 JRE (21.0.7+6-LTS), built on 2025-04-15T00:00:00Z by "admin" with MS VC++ 17.7 (VS2022)

END.
